[debug] [2023-09-16T12:07:04.351Z] ----------------------------------------------------------------------
[debug] [2023-09-16T12:07:04.355Z] Command:       C:\Program Files\nodejs\node.exe C:\Users\MW\AppData\Roaming\npm\node_modules\firebase-tools\lib\bin\firebase.js init functions
[debug] [2023-09-16T12:07:04.356Z] CLI Version:   12.5.4
[debug] [2023-09-16T12:07:04.356Z] Platform:      win32
[debug] [2023-09-16T12:07:04.357Z] Node Version:  v18.17.1
[debug] [2023-09-16T12:07:04.358Z] Time:          Sat Sep 16 2023 12:07:04 GMT+0000 (Coordinated Universal Time)
[debug] [2023-09-16T12:07:04.358Z] ----------------------------------------------------------------------
[debug] 
[debug] [2023-09-16T12:07:04.469Z] > command requires scopes: ["email","openid","https://www.googleapis.com/auth/cloudplatformprojects.readonly","https://www.googleapis.com/auth/firebase","https://www.googleapis.com/auth/cloud-platform"]
[debug] [2023-09-16T12:07:04.470Z] > authorizing via signed-in user (wirths.matthias@t-online.de)
[info] 
     ######## #### ########  ######## ########     ###     ######  ########
     ##        ##  ##     ## ##       ##     ##  ##   ##  ##       ##
     ######    ##  ########  ######   ########  #########  ######  ######
     ##        ##  ##    ##  ##       ##     ## ##     ##       ## ##
     ##       #### ##     ## ######## ########  ##     ##  ######  ########

You're about to initialize a Firebase project in this directory:

  C:\Users\MW\Desktop\hackzurich23

Before we get started, keep in mind:

  * You are initializing within an existing Firebase project directory

[info] 
=== Project Setup
[info] 
[info] First, let's associate this project directory with a Firebase project.
[info] You can create multiple project aliases by running firebase use --add, 
[info] but for now we'll just set up a default project.
[info] 
[debug] [2023-09-16T12:07:08.611Z] Using project from CLI flag: hackzurich23
[debug] [2023-09-16T12:07:08.615Z] >>> [apiv2][query] GET https://firebase.googleapis.com/v1beta1/projects/hackzurich23 [none]
[debug] [2023-09-16T12:07:08.925Z] <<< [apiv2][status] GET https://firebase.googleapis.com/v1beta1/projects/hackzurich23 200
[debug] [2023-09-16T12:07:08.925Z] <<< [apiv2][body] GET https://firebase.googleapis.com/v1beta1/projects/hackzurich23 {"projectId":"hackzurich23","projectNumber":"876062842794","displayName":"hackzurich23","name":"projects/hackzurich23","resources":{"hostingSite":"hackzurich23"},"state":"ACTIVE","etag":"1_cffde575-ad82-4c8c-94e1-3f1b65b2c8b9"}
[info] i  Using project hackzurich23 (hackzurich23) 
[info] 
=== Functions Setup
[debug] [2023-09-16T12:07:08.937Z] > command requires scopes: ["email","openid","https://www.googleapis.com/auth/cloudplatformprojects.readonly","https://www.googleapis.com/auth/firebase","https://www.googleapis.com/auth/cloud-platform"]
[debug] [2023-09-16T12:07:08.937Z] > authorizing via signed-in user (wirths.matthias@t-online.de)
[debug] [2023-09-16T12:07:08.937Z] [iam] checking project hackzurich23 for permissions ["firebase.projects.get"]
[debug] [2023-09-16T12:07:08.938Z] >>> [apiv2][query] POST https://cloudresourcemanager.googleapis.com/v1/projects/hackzurich23:testIamPermissions [none]
[debug] [2023-09-16T12:07:08.938Z] >>> [apiv2][(partial)header] POST https://cloudresourcemanager.googleapis.com/v1/projects/hackzurich23:testIamPermissions x-goog-quota-user=projects/hackzurich23
[debug] [2023-09-16T12:07:08.938Z] >>> [apiv2][body] POST https://cloudresourcemanager.googleapis.com/v1/projects/hackzurich23:testIamPermissions {"permissions":["firebase.projects.get"]}
[debug] [2023-09-16T12:07:09.548Z] <<< [apiv2][status] POST https://cloudresourcemanager.googleapis.com/v1/projects/hackzurich23:testIamPermissions 200
[debug] [2023-09-16T12:07:09.549Z] <<< [apiv2][body] POST https://cloudresourcemanager.googleapis.com/v1/projects/hackzurich23:testIamPermissions {"permissions":["firebase.projects.get"]}
[debug] [2023-09-16T12:07:09.549Z] >>> [apiv2][query] GET https://serviceusage.googleapis.com/v1/projects/hackzurich23/services/cloudfunctions.googleapis.com [none]
[debug] [2023-09-16T12:07:09.550Z] >>> [apiv2][(partial)header] GET https://serviceusage.googleapis.com/v1/projects/hackzurich23/services/cloudfunctions.googleapis.com x-goog-quota-user=projects/hackzurich23
[debug] [2023-09-16T12:07:09.551Z] >>> [apiv2][query] GET https://serviceusage.googleapis.com/v1/projects/hackzurich23/services/runtimeconfig.googleapis.com [none]
[debug] [2023-09-16T12:07:09.551Z] >>> [apiv2][(partial)header] GET https://serviceusage.googleapis.com/v1/projects/hackzurich23/services/runtimeconfig.googleapis.com x-goog-quota-user=projects/hackzurich23
[debug] [2023-09-16T12:07:10.335Z] <<< [apiv2][status] GET https://serviceusage.googleapis.com/v1/projects/hackzurich23/services/cloudfunctions.googleapis.com 200
[debug] [2023-09-16T12:07:10.335Z] <<< [apiv2][body] GET https://serviceusage.googleapis.com/v1/projects/hackzurich23/services/cloudfunctions.googleapis.com [omitted]
[debug] [2023-09-16T12:07:10.350Z] <<< [apiv2][status] GET https://serviceusage.googleapis.com/v1/projects/hackzurich23/services/runtimeconfig.googleapis.com 200
[debug] [2023-09-16T12:07:10.350Z] <<< [apiv2][body] GET https://serviceusage.googleapis.com/v1/projects/hackzurich23/services/runtimeconfig.googleapis.com [omitted]
[info] Let's create a new codebase for your functions.
[info] A directory corresponding to the codebase will be created in your project
[info] with sample code pre-configured.

[info] See https://firebase.google.com/docs/functions/organize-functions for
[info] more information on organizing your functions using codebases.

[info] Functions can be deployed with firebase deploy.

[info] +  Wrote functions/requirements.txt 
[info] +  Wrote functions/.gitignore 
[info] +  Wrote functions/main.py 
[debug] [2023-09-16T12:24:41.144Z] Running command with virtualenv: command="C:\Users\MW\Desktop\hackzurich23\functions\venv\Scripts\activate.bat", args=["","&&","pip3","install","--upgrade","pip"]
[debug] [2023-09-16T12:24:42.686Z] Error: spawn "C:\Users\MW\Desktop\hackzurich23\functions\venv\Scripts\activate.bat" ENOENT
    at notFoundError (C:\Users\MW\AppData\Roaming\npm\node_modules\firebase-tools\node_modules\cross-spawn\lib\enoent.js:6:26)
    at verifyENOENT (C:\Users\MW\AppData\Roaming\npm\node_modules\firebase-tools\node_modules\cross-spawn\lib\enoent.js:40:16)
    at cp.emit (C:\Users\MW\AppData\Roaming\npm\node_modules\firebase-tools\node_modules\cross-spawn\lib\enoent.js:27:25)
    at ChildProcess._handle.onexit (node:internal/child_process:291:12)
[error] 
[error] Error: An unexpected error has occurred.
